# JRE version: Java(TM) SE Runtime Environment 18.9 (11.0.16.1+1) (build 11.0.16.1+1-LTS-1)
# Java VM: Java HotSpot(TM) 64-Bit Server VM 18.9 (11.0.16.1+1-LTS-1, mixed mode, tiered, compressed oops, g1 gc, windows-amd64)
Heap:
 garbage-first heap   total 315392K, used 185232K [0x0000000701400000, 0x0000000800000000)
  region size 1024K, 176 young (180224K), 14 survivors (14336K)
 Metaspace       used 70049K, capacity 71856K, committed 72064K, reserved 1112064K
  class space    used 8789K, capacity 9491K, committed 9600K, reserved 1048576K
GC Heap History (10 events):
Event: 0.417 GC heap before
{Heap before GC invocations=0 (full 0):
 garbage-first heap   total 262144K, used 24576K [0x0000000701400000, 0x0000000800000000)
  region size 1024K, 24 young (24576K), 0 survivors (0K)
 Metaspace       used 11395K, capacity 11546K, committed 11648K, reserved 1060864K
  class space    used 1097K, capacity 1148K, committed 1152K, reserved 1048576K
}
Event: 0.421 GC heap after
{Heap after GC invocations=1 (full 0):
 garbage-first heap   total 262144K, used 6605K [0x0000000701400000, 0x0000000800000000)
  region size 1024K, 3 young (3072K), 3 survivors (3072K)
 Metaspace       used 11395K, capacity 11546K, committed 11648K, reserved 1060864K
  class space    used 1097K, capacity 1148K, committed 1152K, reserved 1048576K
}
Event: 0.817 GC heap before
{Heap before GC invocations=1 (full 0):
 garbage-first heap   total 262144K, used 57805K [0x0000000701400000, 0x0000000800000000)
  region size 1024K, 54 young (55296K), 3 survivors (3072K)
 Metaspace       used 20658K, capacity 21158K, committed 21248K, reserved 1069056K
  class space    used 2268K, capacity 2479K, committed 2560K, reserved 1048576K
}
Event: 0.822 GC heap after
{Heap after GC invocations=2 (full 0):
 garbage-first heap   total 262144K, used 8562K [0x0000000701400000, 0x0000000800000000)
  region size 1024K, 5 young (5120K), 5 survivors (5120K)
 Metaspace       used 20658K, capacity 21158K, committed 21248K, reserved 1069056K
  class space    used 2268K, capacity 2479K, committed 2560K, reserved 1048576K
}
Event: 1.106 GC heap before
{Heap before GC invocations=3 (full 0):
 garbage-first heap   total 262144K, used 61810K [0x0000000701400000, 0x0000000800000000)
  region size 1024K, 57 young (58368K), 5 survivors (5120K)
 Metaspace       used 26563K, capacity 27327K, committed 27392K, reserved 1073152K
  class space    used 2985K, capacity 3277K, committed 3328K, reserved 1048576K
}
Event: 1.110 GC heap after
{Heap after GC invocations=4 (full 0):
 garbage-first heap   total 262144K, used 11016K [0x0000000701400000, 0x0000000800000000)
  region size 1024K, 5 young (5120K), 5 survivors (5120K)
 Metaspace       used 26563K, capacity 27327K, committed 27392K, reserved 1073152K
  class space    used 2985K, capacity 3277K, committed 3328K, reserved 1048576K
}
Event: 1.732 GC heap before
{Heap before GC invocations=4 (full 0):
 garbage-first heap   total 262144K, used 85768K [0x0000000701400000, 0x0000000800000000)
  region size 1024K, 79 young (80896K), 5 survivors (5120K)
 Metaspace       used 34894K, capacity 35744K, committed 35840K, reserved 1081344K
  class space    used 4050K, capacity 4425K, committed 4480K, reserved 1048576K
}
Event: 1.737 GC heap after
{Heap after GC invocations=5 (full 0):
 garbage-first heap   total 262144K, used 14006K [0x0000000701400000, 0x0000000800000000)
  region size 1024K, 8 young (8192K), 8 survivors (8192K)
 Metaspace       used 34894K, capacity 35744K, committed 35840K, reserved 1081344K
  class space    used 4050K, capacity 4425K, committed 4480K, reserved 1048576K
}
Event: 3.815 GC heap before
{Heap before GC invocations=6 (full 0):
 garbage-first heap   total 262144K, used 136886K [0x0000000701400000, 0x0000000800000000)
  region size 1024K, 129 young (132096K), 8 survivors (8192K)
 Metaspace       used 58756K, capacity 60076K, committed 60160K, reserved 1101824K
  class space    used 7361K, capacity 7904K, committed 7936K, reserved 1048576K
}
Event: 3.829 GC heap after
{Heap after GC invocations=7 (full 0):
 garbage-first heap   total 315392K, used 20368K [0x0000000701400000, 0x0000000800000000)
  region size 1024K, 14 young (14336K), 14 survivors (14336K)
 Metaspace       used 58756K, capacity 60076K, committed 60160K, reserved 1101824K
  class space    used 7361K, capacity 7904K, committed 7936K, reserved 1048576K
}

